Running: C:\Xilinx\14.7\ISE_DS\ISE\bin\nt64\unwrapped\fuse.exe -intstyle ise -incremental -lib unisims_ver -lib unimacro_ver -lib xilinxcorelib_ver -o C:/Users/sa/Desktop/dsdprj/test_isim_beh.exe -prj C:/Users/sa/Desktop/dsdprj/test_beh.prj work.test work.glbl 
ISim P.20131013 (signature 0x7708f090)
Number of CPUs detected in this system: 12
Turning on mult-threading, number of parallel sub-compilation jobs: 24 
Determining compilation order of HDL files
Analyzing Verilog file "C:/Users/sa/Desktop/dsdprj/single_multiplier.v" into library work
Analyzing Verilog file "C:/Users/sa/Desktop/dsdprj/Memory.v" into library work
Analyzing Verilog file "C:/Users/sa/Desktop/dsdprj/adder.v" into library work
Analyzing Verilog file "C:/Users/sa/Desktop/dsdprj/matrixMulti.v" into library work
Analyzing Verilog file "C:/Users/sa/Desktop/dsdprj/test.v" into library work
Analyzing Verilog file "C:/Xilinx/14.7/ISE_DS/ISE//verilog/src/glbl.v" into library work
Starting static elaboration
Completed static elaboration
Compiling module Memory(n=14)
Compiling module single_multiplier
Compiling module adder
Compiling module matrixMulti_default
Compiling module test
Compiling module glbl
Time Resolution for simulation is 1ps.
Waiting for 1 sub-compilation(s) to finish...
WARNING:Simulator - Unable to copy libPortabilityNOSH.dll to the simulation executable directory: boost::filesystem::copy_file: The system cannot find the path specified, "isim\test_isim_beh.exe.sim\libPortability.dll".
Compiled 6 Verilog Units
Built simulation executable C:/Users/sa/Desktop/dsdprj/test_isim_beh.exe
Fuse Memory Usage: 29828 KB
Fuse CPU Usage: 374 ms
