--------------------------------------------------------------------------------
Release 14.7 Trace  (nt64)
Copyright (c) 1995-2013 Xilinx, Inc.  All rights reserved.

C:\Xilinx\14.7\ISE_DS\ISE\bin\nt64\unwrapped\trce.exe -intstyle ise -v 3 -s 4
-n 3 -fastpaths -xml fulladder8.twx fulladder8.ncd -o fulladder8.twr
fulladder8.pcf

Design file:              fulladder8.ncd
Physical constraint file: fulladder8.pcf
Device,package,speed:     xc3sd3400a,fg676,-4 (PRODUCTION 1.34 2013-10-13)
Report level:             verbose report

Environment Variable      Effect 
--------------------      ------ 
NONE                      No environment variables were set
--------------------------------------------------------------------------------

INFO:Timing:2698 - No timing constraints found, doing default enumeration.
INFO:Timing:3412 - To improve timing, see the Timing Closure User Guide (UG612).
INFO:Timing:2752 - To get complete path coverage, use the unconstrained paths 
   option. All paths that are not constrained will be reported in the 
   unconstrained paths section(s) of the report.
INFO:Timing:3339 - The clock-to-out numbers in this timing report are based on 
   a 50 Ohm transmission line loading model.  For the details of this model, 
   and for more information on accounting for different loading conditions, 
   please see the device datasheet.
INFO:Timing:3390 - This architecture does not support a default System Jitter 
   value, please add SYSTEM_JITTER constraint to the UCF to modify the Clock 
   Uncertainty calculation.
INFO:Timing:3389 - This architecture does not support 'Discrete Jitter' and 
   'Phase Error' calculations, these terms will be zero in the Clock 
   Uncertainty calculation.  Please make appropriate modification to 
   SYSTEM_JITTER to account for the unsupported Discrete Jitter and Phase 
   Error.



Data Sheet report:
-----------------
All values displayed in nanoseconds (ns)

Pad to Pad
---------------+---------------+---------+
Source Pad     |Destination Pad|  Delay  |
---------------+---------------+---------+
a<0>           |cout           |   15.589|
a<0>           |s<0>           |    8.343|
a<0>           |s<1>           |    9.089|
a<0>           |s<2>           |    9.209|
a<0>           |s<3>           |   10.578|
a<0>           |s<4>           |   12.209|
a<0>           |s<5>           |   13.092|
a<0>           |s<6>           |   14.113|
a<0>           |s<7>           |   14.587|
a<1>           |cout           |   14.455|
a<1>           |s<1>           |    7.530|
a<1>           |s<2>           |    8.075|
a<1>           |s<3>           |    9.444|
a<1>           |s<4>           |   11.075|
a<1>           |s<5>           |   11.958|
a<1>           |s<6>           |   12.979|
a<1>           |s<7>           |   13.453|
a<2>           |cout           |   13.535|
a<2>           |s<2>           |    7.199|
a<2>           |s<3>           |    8.524|
a<2>           |s<4>           |   10.155|
a<2>           |s<5>           |   11.038|
a<2>           |s<6>           |   12.059|
a<2>           |s<7>           |   12.533|
a<3>           |cout           |   12.593|
a<3>           |s<3>           |    6.946|
a<3>           |s<4>           |    9.213|
a<3>           |s<5>           |   10.096|
a<3>           |s<6>           |   11.117|
a<3>           |s<7>           |   11.591|
a<4>           |cout           |    9.955|
a<4>           |s<4>           |    6.617|
a<4>           |s<5>           |    7.458|
a<4>           |s<6>           |    8.479|
a<4>           |s<7>           |    8.953|
a<5>           |cout           |    9.192|
a<5>           |s<5>           |    6.741|
a<5>           |s<6>           |    7.716|
a<5>           |s<7>           |    8.190|
a<6>           |cout           |    8.130|
a<6>           |s<6>           |    6.960|
a<6>           |s<7>           |    7.128|
a<7>           |cout           |    7.825|
a<7>           |s<7>           |    6.793|
b<0>           |cout           |   15.794|
b<0>           |s<0>           |    8.042|
b<0>           |s<1>           |    9.294|
b<0>           |s<2>           |    9.414|
b<0>           |s<3>           |   10.783|
b<0>           |s<4>           |   12.414|
b<0>           |s<5>           |   13.297|
b<0>           |s<6>           |   14.318|
b<0>           |s<7>           |   14.792|
b<1>           |cout           |   14.351|
b<1>           |s<1>           |    7.145|
b<1>           |s<2>           |    7.971|
b<1>           |s<3>           |    9.340|
b<1>           |s<4>           |   10.971|
b<1>           |s<5>           |   11.854|
b<1>           |s<6>           |   12.875|
b<1>           |s<7>           |   13.349|
b<2>           |cout           |   13.194|
b<2>           |s<2>           |    6.858|
b<2>           |s<3>           |    8.183|
b<2>           |s<4>           |    9.814|
b<2>           |s<5>           |   10.697|
b<2>           |s<6>           |   11.718|
b<2>           |s<7>           |   12.192|
b<3>           |cout           |   11.829|
b<3>           |s<3>           |    6.793|
b<3>           |s<4>           |    8.449|
b<3>           |s<5>           |    9.332|
b<3>           |s<6>           |   10.353|
b<3>           |s<7>           |   10.827|
b<4>           |cout           |   10.097|
b<4>           |s<4>           |    6.721|
b<4>           |s<5>           |    7.600|
b<4>           |s<6>           |    8.621|
b<4>           |s<7>           |    9.095|
b<5>           |cout           |    9.715|
b<5>           |s<5>           |    7.322|
b<5>           |s<6>           |    8.239|
b<5>           |s<7>           |    8.713|
b<6>           |cout           |    8.284|
b<6>           |s<6>           |    6.840|
b<6>           |s<7>           |    7.282|
b<7>           |cout           |    7.450|
b<7>           |s<7>           |    6.398|
cin            |cout           |   16.188|
cin            |s<0>           |    8.283|
cin            |s<1>           |    9.688|
cin            |s<2>           |    9.808|
cin            |s<3>           |   11.177|
cin            |s<4>           |   12.808|
cin            |s<5>           |   13.691|
cin            |s<6>           |   14.712|
cin            |s<7>           |   15.186|
---------------+---------------+---------+


Analysis completed Mon Apr 12 18:49:17 2021 
--------------------------------------------------------------------------------

Trace Settings:
-------------------------
Trace Settings 

Peak Memory Usage: 4629 MB



