Running: C:\Xilinx\14.7\ISE_DS\ISE\bin\nt64\unwrapped\fuse.exe -intstyle ise -incremental -lib unisims_ver -lib unimacro_ver -lib xilinxcorelib_ver -o C:/Users/sa/Desktop/dsd2/fulladder8test_isim_beh.exe -prj C:/Users/sa/Desktop/dsd2/fulladder8test_beh.prj work.fulladder8test work.glbl 
ISim P.20131013 (signature 0x7708f090)
Number of CPUs detected in this system: 12
Turning on mult-threading, number of parallel sub-compilation jobs: 24 
Determining compilation order of HDL files
Analyzing Verilog file "C:/Users/sa/Desktop/dsd2/halfadder.v" into library work
Analyzing Verilog file "C:/Users/sa/Desktop/dsd2/fulladder.v" into library work
Analyzing Verilog file "C:/Users/sa/Desktop/dsd2/fulladder8.v" into library work
Analyzing Verilog file "C:/Users/sa/Desktop/dsd2/fulladder8test.v" into library work
Analyzing Verilog file "C:/Xilinx/14.7/ISE_DS/ISE//verilog/src/glbl.v" into library work
Starting static elaboration
Completed static elaboration
Compiling module halfadder
Compiling module fulladder
Compiling module fulladder8
Compiling module fulladder8test
Compiling module glbl
Time Resolution for simulation is 1ps.
WARNING:Simulator - Unable to copy libPortabilityNOSH.dll to the simulation executable directory: boost::filesystem::copy_file: The system cannot find the path specified, "isim\fulladder8test_isim_beh.exe.sim\libPortability.dll".
Compiled 5 Verilog Units
Built simulation executable C:/Users/sa/Desktop/dsd2/fulladder8test_isim_beh.exe
Fuse Memory Usage: 27372 KB
Fuse CPU Usage: 484 ms
